{"level":"INFO","timestamp":"2026-04-27T09:35:20.283Z","message":"GET / → 301 (6ms)","requestId":"36133a5e-0e7b-404f-8195-53a139cb23f5"}
{"level":"INFO","timestamp":"2026-04-27T09:35:20.290Z","message":"GET / → 200 (2ms)","requestId":"f9a44f90-98f9-4b23-9238-54a8c9ab9d75"}
{"level":"INFO","timestamp":"2026-04-27T09:35:20.360Z","message":"GET /swagger-ui-init.js → 200 (1ms)","requestId":"057ece1a-e02c-4cd3-8f6e-864e17899b03"}
{"level":"INFO","timestamp":"2026-04-27T09:35:20.363Z","message":"GET /swagger-ui.css → 200 (9ms)","requestId":"835e89d1-0667-4bfa-a635-15c36e513c03"}
{"level":"INFO","timestamp":"2026-04-27T09:35:20.365Z","message":"GET /swagger-ui-standalone-preset.js → 200 (7ms)","requestId":"9a4c356d-1029-404d-8678-c164f6f57ee6"}
{"level":"INFO","timestamp":"2026-04-27T09:35:20.369Z","message":"GET /swagger-ui-bundle.js → 200 (13ms)","requestId":"1ae92532-85b9-4508-a89a-78d21ee0a74a"}
{"level":"INFO","timestamp":"2026-04-27T09:35:20.485Z","message":"GET /favicon-32x32.png → 200 (2ms)","requestId":"d262081c-5e49-4609-b634-ae67eebe748a"}
{"level":"INFO","timestamp":"2026-04-27T09:35:25.642Z","message":"GET / → 200 (1ms)","requestId":"b99c4a56-6c2a-499f-9f48-da7bbf705b43"}
{"level":"INFO","timestamp":"2026-04-27T09:35:25.774Z","message":"GET /favicon.ico → 200 (1ms)","requestId":"1bdd5a38-5be0-4150-a629-b013d0d67ffd"}
{"level":"INFO","timestamp":"2026-04-27T09:35:30.947Z","message":"GET / → 200 (1ms)","requestId":"d22d2716-b928-40b8-a826-082f6c1b53f9"}
{"level":"INFO","timestamp":"2026-04-27T09:35:31.102Z","message":"GET /favicon.ico → 304 (2ms)","requestId":"871d6202-a44e-4201-9ea5-42fa2493fbdc"}
{"level":"INFO","timestamp":"2026-04-27T09:35:58.658Z","message":"GET / → 200 (2ms)","requestId":"adcf2a91-6e15-4c83-b8c2-91e19e4d4522"}
{"level":"INFO","timestamp":"2026-04-27T09:35:58.796Z","message":"GET /favicon.ico → 304 (1ms)","requestId":"55557090-5dce-4bbe-8ea3-83699dd7fb22"}
{"level":"INFO","timestamp":"2026-04-27T09:36:13.194Z","message":"GET /.well-known/appspecific/com.chrome.devtools.json → 200 (2ms)","requestId":"8c67009b-b46a-4f5c-bf4f-675da3920d60"}
{"level":"INFO","timestamp":"2026-04-27T09:36:57.435Z","message":"GET / → 304 (1ms)","requestId":"63fc2515-0139-4b10-b736-27f78bced385"}
{"level":"INFO","timestamp":"2026-04-27T09:36:57.464Z","message":"GET /.well-known/appspecific/com.chrome.devtools.json → 304 (3ms)","requestId":"f12aabf2-e083-4257-a003-dd669fa169dc"}
{"level":"INFO","timestamp":"2026-04-27T09:36:57.530Z","message":"GET /favicon.ico → 304 (2ms)","requestId":"539a1e6b-26dd-4831-b560-33c0ea0de911"}
{"level":"INFO","timestamp":"2026-04-27T09:36:58.295Z","message":"GET / → 304 (2ms)","requestId":"44c36c52-e5ad-4e6b-87b1-6918683d3fed"}
{"level":"INFO","timestamp":"2026-04-27T09:36:58.318Z","message":"GET /.well-known/appspecific/com.chrome.devtools.json → 304 (0ms)","requestId":"ff0e8182-8926-49ad-be3f-cbb11194c0d9"}
{"level":"INFO","timestamp":"2026-04-27T09:36:58.384Z","message":"GET /favicon.ico → 304 (1ms)","requestId":"150621a2-9057-45ed-b6bc-d8839c81e3e8"}
{"level":"INFO","timestamp":"2026-04-27T09:36:59.029Z","message":"GET / → 304 (1ms)","requestId":"ef4b67d9-26b8-4acf-ace5-03205065b0c4"}
{"level":"INFO","timestamp":"2026-04-27T09:36:59.052Z","message":"GET /.well-known/appspecific/com.chrome.devtools.json → 304 (0ms)","requestId":"0926c2f7-2186-4958-9010-97fa2b5f842e"}
{"level":"INFO","timestamp":"2026-04-27T09:36:59.117Z","message":"GET /favicon.ico → 304 (1ms)","requestId":"9971fd41-d73e-4495-ab0d-6be2888d39ec"}
{"level":"INFO","timestamp":"2026-04-27T09:37:36.232Z","message":"GET / → 200 (3ms)","requestId":"f652d066-267d-4e25-ae9f-56d376b96a16"}
{"level":"INFO","timestamp":"2026-04-27T09:37:36.626Z","message":"GET /favicon.ico → 200 (1ms)","requestId":"7b5a9c96-5079-49d7-9908-cff64af53610"}
{"level":"INFO","timestamp":"2026-04-27T09:38:06.416Z","message":"GET /favicon.ico → 304 (2ms)","requestId":"be001151-e1b1-453b-a36e-eba76b5d1d6b"}
{"level":"INFO","timestamp":"2026-04-27T09:38:06.418Z","message":"GET /favicon.ico → 304 (0ms)","requestId":"2f28a8c4-d8bb-4a82-8f1a-55bfe115f1a3"}
{"level":"INFO","timestamp":"2026-04-27T09:39:38.416Z","message":"GET / → 301 (3ms)","requestId":"da00d772-9de5-4351-bbd0-08c45507661d"}
{"level":"INFO","timestamp":"2026-04-27T09:39:38.419Z","message":"GET / → 200 (1ms)","requestId":"f10989f4-2bdf-47b0-8853-02d9a4ee8fa6"}
{"level":"INFO","timestamp":"2026-04-27T09:39:38.467Z","message":"GET /swagger-ui-init.js → 200 (0ms)","requestId":"f15707bd-8a61-447e-a0f4-54cca08b4d4d"}
{"level":"INFO","timestamp":"2026-04-27T09:39:38.474Z","message":"GET /swagger-ui.css → 200 (9ms)","requestId":"0e9c7bf6-3665-4527-83f2-af248734e0ac"}
{"level":"INFO","timestamp":"2026-04-27T09:39:38.477Z","message":"GET /swagger-ui-standalone-preset.js → 200 (11ms)","requestId":"91cd9d02-929c-4a39-afde-14bba0ec0d16"}
{"level":"INFO","timestamp":"2026-04-27T09:39:38.485Z","message":"GET /swagger-ui-bundle.js → 200 (20ms)","requestId":"b961a47e-3bd0-4e98-9fcd-fa1ecf5e4ab5"}
{"level":"INFO","timestamp":"2026-04-27T09:39:38.677Z","message":"GET /favicon-32x32.png → 200 (2ms)","requestId":"bffc106f-8796-4abf-abc0-cb5060d30137"}
{"level":"INFO","timestamp":"2026-04-27T09:40:03.842Z","message":"GET / → 200 (1ms)","requestId":"e831bd77-979c-492a-acca-812612b8a1d3"}
{"level":"INFO","timestamp":"2026-04-27T09:47:11.993Z","message":"GET / → 304 (2ms)","requestId":"74383a82-70a4-407d-96d8-9d4b28d08930"}
{"level":"INFO","timestamp":"2026-04-27T09:47:12.041Z","message":"GET /swagger-ui.css → 304 (2ms)","requestId":"8fda41aa-3efb-40c4-b07a-21f89c997046"}
{"level":"INFO","timestamp":"2026-04-27T09:47:12.041Z","message":"GET /swagger-ui-bundle.js → 304 (2ms)","requestId":"00dab06d-ca95-4138-a814-8fc1c8f75db3"}
{"level":"INFO","timestamp":"2026-04-27T09:47:12.043Z","message":"GET /swagger-ui-init.js → 304 (0ms)","requestId":"03d44362-0fe7-415f-b27b-963e453fecb2"}
{"level":"INFO","timestamp":"2026-04-27T09:47:12.044Z","message":"GET /swagger-ui-standalone-preset.js → 304 (2ms)","requestId":"0ff04317-9579-442a-bd0e-55ffa6326e29"}
{"level":"INFO","timestamp":"2026-04-27T09:47:17.796Z","message":"GET / → 200 (3ms)","requestId":"e3f89896-80a6-4265-8b60-95bfbe72af45"}
{"level":"INFO","timestamp":"2026-04-27T09:47:17.891Z","message":"GET /favicon.ico → 200 (3ms)","requestId":"76a728ee-3fd0-4c1c-96ad-da907082ab69"}
{"level":"INFO","timestamp":"2026-04-27T09:48:13.979Z","message":"GET / → 200 (1ms)","requestId":"6988af15-fbf6-44ba-b5bc-1c82c4333be1"}
{"level":"INFO","timestamp":"2026-04-27T09:48:14.109Z","message":"GET /favicon.ico → 200 (1ms)","requestId":"c21fc1d5-1927-4781-9b1f-50757107ac22"}
{"level":"INFO","timestamp":"2026-04-27T09:48:16.261Z","message":"GET / → 304 (0ms)","requestId":"f8a1990c-a8c0-454c-ae93-d0468a532167"}
{"level":"INFO","timestamp":"2026-04-27T09:48:16.388Z","message":"GET /favicon.ico → 304 (1ms)","requestId":"7b409f89-5cfb-492f-95db-f56d59dd636d"}
{"level":"INFO","timestamp":"2026-04-27T09:50:26.442Z","message":"GET / → 200 (9ms)","requestId":"e4510709-3531-4a96-9a17-609305f941e3"}
{"level":"INFO","timestamp":"2026-04-27T09:50:26.463Z","message":"GET /app.js → 200 (3ms)","requestId":"02d88157-bb53-4947-8240-d3a2716b1ef3"}
{"level":"INFO","timestamp":"2026-04-27T09:50:26.480Z","message":"GET / → 200 (1ms)","requestId":"2aad38e8-ecbf-43b4-a93e-e7f11458cc03"}
{"level":"INFO","timestamp":"2026-04-27T09:50:26.486Z","message":"GET /favicon.ico → 200 (2ms)","requestId":"2819f28c-6dee-4d83-ba47-6e8a2b3af654"}
{"level":"INFO","timestamp":"2026-04-27T09:50:56.483Z","message":"GET / → 200 (0ms)","requestId":"e521565b-e3bf-41c5-8d97-72318a7d7d33"}
{"level":"INFO","timestamp":"2026-04-27T09:51:13.789Z","message":"GET / → 200 (2ms)","requestId":"b96a5e9d-ecda-4a99-9113-e59e50ff73ea"}
{"level":"INFO","timestamp":"2026-04-27T09:51:13.847Z","message":"GET /app.js → 200 (8ms)","requestId":"bf0f82fc-128e-4e18-9efe-48d7d0955b4c"}
{"level":"INFO","timestamp":"2026-04-27T09:51:13.856Z","message":"GET / → 200 (2ms)","requestId":"149f8792-9f27-416d-8ca3-217698258dbf"}
{"level":"INFO","timestamp":"2026-04-27T09:51:13.859Z","message":"GET /favicon.ico → 200 (4ms)","requestId":"dddc306e-66f6-420a-9d9c-c0020f880803"}
{"level":"INFO","timestamp":"2026-04-27T09:51:26.483Z","message":"GET / → 200 (0ms)","requestId":"28c515ce-3b29-4a95-a1d8-0af324d6f2f7"}
{"level":"INFO","timestamp":"2026-04-27T09:51:28.513Z","message":"GET /favicon.ico → 304 (1ms)","requestId":"2022eeea-0ff3-42cd-b53b-65f6bb3434ee"}
{"level":"INFO","timestamp":"2026-04-27T09:51:28.522Z","message":"GET /favicon.ico → 304 (2ms)","requestId":"2e355dee-7e4a-4f0a-8760-3e9eee8707d9"}
{"level":"INFO","timestamp":"2026-04-27T09:51:34.358Z","message":"GET / → 304 (1ms)","requestId":"250aa7e8-d97c-4b3f-ab32-f42f0663e825"}
{"level":"INFO","timestamp":"2026-04-27T09:51:34.367Z","message":"GET /app.js → 304 (1ms)","requestId":"550750a9-4ec5-4b0b-9fda-d8740a025f37"}
{"level":"INFO","timestamp":"2026-04-27T09:51:34.374Z","message":"GET / → 200 (1ms)","requestId":"4c8844a2-6245-4308-b39f-8b66acbede48"}
{"level":"INFO","timestamp":"2026-04-27T09:51:34.379Z","message":"GET /favicon.ico → 304 (3ms)","requestId":"7b6861a7-f25f-49e2-a8cc-5ea6819aff43"}
{"level":"INFO","timestamp":"2026-04-27T09:51:56.484Z","message":"GET / → 200 (1ms)","requestId":"307832c3-4b0a-45de-8934-c03c5cb816ca"}
{"level":"INFO","timestamp":"2026-04-27T09:52:04.375Z","message":"GET / → 200 (1ms)","requestId":"edb43cdd-e84c-41e3-9445-d5d691c9ac2a"}
{"level":"INFO","timestamp":"2026-04-27T09:52:26.484Z","message":"GET / → 200 (1ms)","requestId":"c86ee88c-fdcf-41d9-a352-a8597813a8c2"}
{"level":"INFO","timestamp":"2026-04-27T09:52:34.375Z","message":"GET / → 200 (1ms)","requestId":"c7572d4c-6a6b-4809-ac9b-f2aaacd370cb"}
{"level":"INFO","timestamp":"2026-04-27T09:52:56.488Z","message":"GET / → 200 (1ms)","requestId":"9f7710e5-d72d-467f-9b31-39e3c14dd0bc"}
{"level":"INFO","timestamp":"2026-04-27T09:53:04.378Z","message":"GET / → 200 (1ms)","requestId":"e67df14e-4d14-4835-bfff-0487074107dc"}
{"level":"INFO","timestamp":"2026-04-27T09:53:17.507Z","message":"GET / → 200 (2ms)","requestId":"f55e0a0b-b3a5-436d-889e-5528b46eb8ef"}
{"level":"INFO","timestamp":"2026-04-27T09:53:17.528Z","message":"GET /app.js → 200 (1ms)","requestId":"286466ca-1d4b-43ca-b619-57ccfe26d9b8"}
{"level":"INFO","timestamp":"2026-04-27T09:53:17.538Z","message":"GET / → 200 (2ms)","requestId":"f28acaa8-d3b1-4153-b4d6-fc6623fae76a"}
{"level":"INFO","timestamp":"2026-04-27T09:53:17.540Z","message":"GET /favicon.ico → 200 (1ms)","requestId":"d65cf31c-2dc2-45eb-bb93-838fb02bd7ac"}
{"level":"INFO","timestamp":"2026-04-27T09:53:26.486Z","message":"GET / → 200 (1ms)","requestId":"55dfeec2-8106-4eb9-acc7-15a0d9816f7d"}
{"level":"INFO","timestamp":"2026-04-27T09:53:47.539Z","message":"GET / → 200 (0ms)","requestId":"a985a469-33c8-4b95-ba4d-5ff5f4401838"}
{"level":"INFO","timestamp":"2026-04-27T09:53:56.485Z","message":"GET / → 200 (1ms)","requestId":"a9e3a009-5c8f-4b0c-8542-d6a75edfc0cf"}
{"level":"INFO","timestamp":"2026-04-27T09:54:04.307Z","message":"GET /.well-known/appspecific/com.chrome.devtools.json → 200 (2ms)","requestId":"5c39b883-0554-4ea4-8abf-913fb0eb2272"}
{"level":"INFO","timestamp":"2026-04-27T09:54:17.543Z","message":"GET / → 200 (1ms)","requestId":"bc598f64-372a-4ad7-993b-75d40a198248"}
{"level":"INFO","timestamp":"2026-04-27T09:54:26.486Z","message":"GET / → 200 (1ms)","requestId":"88bb14f9-db92-4921-a8f7-047fcfc2419a"}
{"level":"INFO","timestamp":"2026-04-27T09:54:47.542Z","message":"GET / → 200 (2ms)","requestId":"994af280-361c-4d92-b35b-5f54f7d99999"}
{"level":"INFO","timestamp":"2026-04-27T09:54:56.486Z","message":"GET / → 200 (1ms)","requestId":"f689ac80-3cd3-42fd-a1b5-9624750cbdb9"}
{"level":"INFO","timestamp":"2026-04-27T09:55:17.540Z","message":"GET / → 200 (1ms)","requestId":"3000735f-a446-494f-b738-79c7b8508477"}
{"level":"INFO","timestamp":"2026-04-27T09:55:26.485Z","message":"GET / → 200 (1ms)","requestId":"18ccdb79-68d8-49e6-9751-6950db96e4cf"}
{"level":"INFO","timestamp":"2026-04-27T09:55:47.542Z","message":"GET / → 200 (2ms)","requestId":"b5ba58e8-9ade-4828-8865-a633bccff1d9"}
{"level":"INFO","timestamp":"2026-04-27T09:55:56.487Z","message":"GET / → 200 (2ms)","requestId":"879ebbdd-f7c9-4c1a-a677-15388c76f500"}
{"level":"INFO","timestamp":"2026-04-27T09:56:17.541Z","message":"GET / → 200 (1ms)","requestId":"d09ec799-eb5b-4d30-9454-a51db71f3c16"}
{"level":"INFO","timestamp":"2026-04-27T09:56:26.485Z","message":"GET / → 200 (1ms)","requestId":"4a4daf02-0c78-4c1c-ac08-686370b422bb"}
{"level":"INFO","timestamp":"2026-04-27T09:56:47.542Z","message":"GET / → 200 (2ms)","requestId":"8ec793bf-017f-4199-ad2b-87b70bc3252c"}
{"level":"INFO","timestamp":"2026-04-27T09:56:56.488Z","message":"GET / → 200 (1ms)","requestId":"c292e812-798b-4833-a4e2-344fd84ac8ea"}
{"level":"INFO","timestamp":"2026-04-27T09:57:17.542Z","message":"GET / → 200 (1ms)","requestId":"a6eda95d-1003-4767-90f2-e33b08b3989f"}
{"level":"INFO","timestamp":"2026-04-27T09:57:26.487Z","message":"GET / → 200 (2ms)","requestId":"63fbdcca-ef2c-41df-910a-4038ab987085"}
{"level":"INFO","timestamp":"2026-04-27T09:57:47.542Z","message":"GET / → 200 (1ms)","requestId":"29134bcf-c6d6-424b-8bfa-4d052f354916"}
{"level":"INFO","timestamp":"2026-04-27T09:57:56.486Z","message":"GET / → 200 (1ms)","requestId":"60794b27-eff6-45da-9f9b-9994fe06350b"}
{"level":"INFO","timestamp":"2026-04-27T09:58:17.542Z","message":"GET / → 200 (1ms)","requestId":"568988dc-a9ca-46c9-a95c-7466b8ac029c"}
{"level":"INFO","timestamp":"2026-04-27T09:58:26.484Z","message":"GET / → 200 (0ms)","requestId":"17be0df0-09c1-4c9f-a0c6-a9fc67a6b4a1"}
{"level":"INFO","timestamp":"2026-04-27T09:58:32.294Z","message":"GET / → 200 (3ms)","requestId":"ab777fb4-b700-4f49-a734-4d25c11b7910"}
{"level":"INFO","timestamp":"2026-04-27T09:58:32.317Z","message":"GET /app.js → 200 (2ms)","requestId":"0bb95575-6e55-4da8-a83c-37ff302e6941"}
{"level":"INFO","timestamp":"2026-04-27T09:58:32.322Z","message":"GET / → 200 (1ms)","requestId":"4b251639-ea10-4cec-ba57-db13a6699b9e"}
{"level":"INFO","timestamp":"2026-04-27T09:58:32.324Z","message":"GET /.well-known/appspecific/com.chrome.devtools.json → 200 (4ms)","requestId":"7391da0d-e0c8-4910-b9ce-970e077d40b2"}
{"level":"INFO","timestamp":"2026-04-27T09:58:32.333Z","message":"GET /favicon.ico → 200 (3ms)","requestId":"34cde4e9-7e50-4cdf-8dea-0eabbaef3aa3"}
{"level":"INFO","timestamp":"2026-04-27T09:58:56.486Z","message":"GET / → 200 (2ms)","requestId":"5065ac6d-0e82-4abb-89f4-82d74e03f058"}
{"level":"INFO","timestamp":"2026-04-27T09:59:02.325Z","message":"GET / → 200 (1ms)","requestId":"ee90da24-f5e4-475a-9164-eefc79ad004b"}
{"level":"INFO","timestamp":"2026-04-27T09:59:26.486Z","message":"GET / → 200 (1ms)","requestId":"2e9efdca-5b98-42ac-90e5-3827e19ff5d8"}
{"level":"INFO","timestamp":"2026-04-27T09:59:32.325Z","message":"GET / → 200 (0ms)","requestId":"e1da0e96-9277-4ea4-83d4-104dd89a593e"}
{"level":"INFO","timestamp":"2026-04-27T09:59:39.621Z","message":"GET / → 304 (1ms)","requestId":"4b834ca5-5fae-4a1d-b8f2-4a1ada52f790"}
{"level":"INFO","timestamp":"2026-04-27T09:59:39.638Z","message":"GET /.well-known/appspecific/com.chrome.devtools.json → 304 (2ms)","requestId":"7ff21970-b038-4a80-9f26-37b9bf7ed905"}
{"level":"INFO","timestamp":"2026-04-27T09:59:39.640Z","message":"GET /app.js → 200 (3ms)","requestId":"08229c59-7392-4490-9402-4b778aa73e4e"}
{"level":"INFO","timestamp":"2026-04-27T09:59:39.653Z","message":"GET /favicon.ico → 304 (3ms)","requestId":"eafefad0-289e-42a5-a7b6-d786e970ad8b"}
{"level":"INFO","timestamp":"2026-04-27T09:59:56.487Z","message":"GET / → 200 (1ms)","requestId":"e766749e-bdb0-450f-8c29-29a87d7f3897"}
{"level":"INFO","timestamp":"2026-04-27T10:00:26.486Z","message":"GET / → 200 (1ms)","requestId":"59c45181-704f-4c3c-9660-880b77533148"}
{"level":"INFO","timestamp":"2026-04-27T10:00:38.770Z","message":"GET / → 304 (1ms)","requestId":"e3bdd63a-77e5-4932-8396-6bf27322dc06"}
{"level":"INFO","timestamp":"2026-04-27T10:00:38.795Z","message":"GET /.well-known/appspecific/com.chrome.devtools.json → 304 (1ms)","requestId":"d3bcc11d-330b-425e-959a-b8ce8ae70c0c"}
{"level":"INFO","timestamp":"2026-04-27T10:00:38.795Z","message":"GET /app.js → 200 (3ms)","requestId":"08073986-862d-43cc-abf1-365020c163c7"}
{"level":"INFO","timestamp":"2026-04-27T10:00:38.810Z","message":"GET / → 200 (2ms)","requestId":"98d037c7-9525-4d8e-9302-b54dc78101f5"}
{"level":"INFO","timestamp":"2026-04-27T10:00:38.812Z","message":"GET /favicon.ico → 304 (3ms)","requestId":"997ef4c4-6617-43ac-92b1-d52a49f9de87"}
{"level":"INFO","timestamp":"2026-04-27T10:00:56.487Z","message":"GET / → 200 (1ms)","requestId":"1e2d794f-c3c6-44f1-888e-358c6ddfb4c6"}
{"level":"INFO","timestamp":"2026-04-27T10:01:08.812Z","message":"GET / → 200 (1ms)","requestId":"1de021d8-d452-46b2-a8f9-e73128dd2de3"}
{"level":"INFO","timestamp":"2026-04-27T10:01:27.028Z","message":"GET / → 200 (1ms)","requestId":"112a751f-6331-4f63-b274-d107463a9cb0"}
{"level":"INFO","timestamp":"2026-04-27T10:01:38.810Z","message":"GET / → 200 (1ms)","requestId":"6314b5ef-079e-45b6-8ab2-21b74a4fb638"}
{"level":"INFO","timestamp":"2026-04-27T10:01:57.026Z","message":"GET / → 200 (0ms)","requestId":"c9837d1d-d671-4a3a-82bd-6b5fca97ce77"}
{"level":"INFO","timestamp":"2026-04-27T10:02:08.812Z","message":"GET / → 200 (1ms)","requestId":"0d4b1f8f-4a14-455e-a08d-f1e72d45728d"}
{"level":"INFO","timestamp":"2026-04-27T10:02:38.812Z","message":"GET / → 200 (2ms)","requestId":"0381f1d6-b97f-4d9e-93e7-be98a7705b7d"}
{"level":"INFO","timestamp":"2026-04-27T10:02:58.031Z","message":"GET / → 200 (2ms)","requestId":"34f37a9c-228a-4b8b-a77f-ea4f307238aa"}
{"level":"INFO","timestamp":"2026-04-27T10:03:08.812Z","message":"GET / → 200 (2ms)","requestId":"8a86215d-0c15-42e0-ae05-5c81a0577e87"}
{"level":"INFO","timestamp":"2026-04-27T10:03:38.813Z","message":"GET / → 200 (1ms)","requestId":"1ffbbc2e-15b7-4e1d-9f87-d82ab07ad237"}
{"level":"INFO","timestamp":"2026-04-27T10:03:59.031Z","message":"GET / → 200 (2ms)","requestId":"f37988da-af7b-42b3-bbc7-2539ed490ee2"}
{"level":"INFO","timestamp":"2026-04-27T10:04:08.810Z","message":"GET / → 200 (1ms)","requestId":"86cf7869-2c4d-4cc4-9a5b-fa887defdfed"}
{"level":"INFO","timestamp":"2026-04-27T10:04:38.811Z","message":"GET / → 200 (1ms)","requestId":"51a23f84-15b5-4b59-b1b2-bfcae4288873"}
{"level":"INFO","timestamp":"2026-04-27T10:05:00.028Z","message":"GET / → 200 (1ms)","requestId":"c2ff5e4a-8f52-49c6-9ca1-e248e0fdd041"}
{"level":"INFO","timestamp":"2026-04-27T10:05:08.809Z","message":"GET / → 200 (0ms)","requestId":"1e92d9de-8b7f-40d5-aa4a-d89ba0994656"}
{"level":"INFO","timestamp":"2026-04-27T10:05:38.820Z","message":"GET / → 200 (3ms)","requestId":"a9cc1436-0536-42c7-8a1c-f8892077a342"}
{"level":"INFO","timestamp":"2026-04-27T10:06:01.028Z","message":"GET / → 200 (1ms)","requestId":"bc9b3542-602a-4a76-b61d-fbac16d7776e"}
{"level":"INFO","timestamp":"2026-04-27T10:06:08.813Z","message":"GET / → 200 (1ms)","requestId":"becf382c-346c-45fd-8eb3-c76785ec5d78"}
{"level":"INFO","timestamp":"2026-04-27T10:06:38.812Z","message":"GET / → 200 (1ms)","requestId":"ec21e05c-9264-4d81-9a19-6fdda2cd63d7"}
{"level":"INFO","timestamp":"2026-04-27T10:07:02.030Z","message":"GET / → 200 (1ms)","requestId":"68297f55-1e88-4421-872a-f77852f7acf8"}
{"level":"INFO","timestamp":"2026-04-27T10:07:08.811Z","message":"GET / → 200 (1ms)","requestId":"eeae73bc-49d3-4c87-b3d1-91c08677f993"}
{"level":"INFO","timestamp":"2026-04-27T10:07:38.814Z","message":"GET / → 200 (2ms)","requestId":"3ce1ac83-aa39-4030-abb2-1c62af51ed3c"}
{"level":"INFO","timestamp":"2026-04-27T10:08:03.029Z","message":"GET / → 200 (1ms)","requestId":"329fd951-2537-4687-9b67-2944b4e1387a"}
{"level":"INFO","timestamp":"2026-04-27T10:08:08.812Z","message":"GET / → 200 (1ms)","requestId":"c683b068-a4aa-482f-b1e1-56fd7bc60338"}
{"level":"INFO","timestamp":"2026-04-27T10:08:38.811Z","message":"GET / → 200 (1ms)","requestId":"a58aeeca-af8f-4df4-b2da-8c4d9b68994b"}
{"level":"INFO","timestamp":"2026-04-27T10:09:04.031Z","message":"GET / → 200 (2ms)","requestId":"6bced09e-2e7c-48ca-8282-874f526156b6"}
{"level":"INFO","timestamp":"2026-04-27T10:09:08.811Z","message":"GET / → 200 (1ms)","requestId":"fd58edd3-681c-410e-a36b-22e863aa6098"}
{"level":"INFO","timestamp":"2026-04-27T10:09:38.810Z","message":"GET / → 200 (1ms)","requestId":"865555fa-eb38-4b2e-bbd1-3448f18dba2c"}
{"level":"INFO","timestamp":"2026-04-27T10:10:05.027Z","message":"GET / → 200 (1ms)","requestId":"7ed999b8-17c9-4456-a320-0d70bb3ef78d"}
{"level":"INFO","timestamp":"2026-04-27T10:10:08.810Z","message":"GET / → 200 (1ms)","requestId":"22863747-a7c3-4afd-9e1a-16cdefd05300"}
{"level":"INFO","timestamp":"2026-04-27T10:10:38.812Z","message":"GET / → 200 (2ms)","requestId":"273d36a2-4402-4353-b918-1e5a3d048c97"}
{"level":"INFO","timestamp":"2026-04-27T10:11:06.033Z","message":"GET / → 200 (2ms)","requestId":"8c6f91e5-e010-4db7-bbf2-9628a76b6064"}
{"level":"INFO","timestamp":"2026-04-27T10:11:08.813Z","message":"GET / → 200 (2ms)","requestId":"3ef070c4-661e-42e2-a388-818ff9a013aa"}
{"level":"INFO","timestamp":"2026-04-27T10:11:38.821Z","message":"GET / → 200 (1ms)","requestId":"76f2da28-6589-45f8-bc45-e27159cb616d"}
{"level":"INFO","timestamp":"2026-04-27T10:12:06.036Z","message":"GET / → 200 (2ms)","requestId":"60a4f3d2-4381-41e4-94f5-a8009ec3d419"}
{"level":"INFO","timestamp":"2026-04-27T10:12:08.813Z","message":"GET / → 200 (1ms)","requestId":"3f045f7f-ca1e-4553-903e-6fb2e80d6154"}
{"level":"INFO","timestamp":"2026-04-27T10:12:38.811Z","message":"GET / → 200 (1ms)","requestId":"acfa358f-4a33-4aaf-b135-646f766bda00"}
{"level":"INFO","timestamp":"2026-04-27T10:13:06.036Z","message":"GET / → 200 (2ms)","requestId":"2cd17815-3824-4f05-b11e-ad9946aae4c1"}
{"level":"INFO","timestamp":"2026-04-27T10:13:08.812Z","message":"GET / → 200 (1ms)","requestId":"949b8e60-ced0-4361-87f9-f15a6bbf51cd"}
{"level":"INFO","timestamp":"2026-04-27T10:13:38.812Z","message":"GET / → 200 (1ms)","requestId":"7493f9eb-b80e-4dd3-a5d8-a8253f08ec18"}
{"level":"INFO","timestamp":"2026-04-27T10:14:06.037Z","message":"GET / → 200 (2ms)","requestId":"c94bc084-ff66-43dc-bb07-2aee107c52b5"}
{"level":"INFO","timestamp":"2026-04-27T10:14:08.813Z","message":"GET / → 200 (2ms)","requestId":"02254f08-a5ae-443a-8ab1-e7205f3c2f42"}
{"level":"INFO","timestamp":"2026-04-27T10:14:38.812Z","message":"GET / → 200 (1ms)","requestId":"7358335d-7a6f-453c-8c2c-fb25966e42cc"}
{"level":"INFO","timestamp":"2026-04-27T10:15:06.034Z","message":"GET / → 200 (1ms)","requestId":"9dd4bb17-a0ac-4e87-8831-924f23f1b2e3"}
{"level":"INFO","timestamp":"2026-04-27T10:15:08.813Z","message":"GET / → 200 (1ms)","requestId":"15d36dd1-c23d-47fc-9b98-faa60ebac500"}
{"level":"INFO","timestamp":"2026-04-27T10:15:38.812Z","message":"GET / → 200 (1ms)","requestId":"41a7f84f-5fb1-41ae-a5e1-46ef9af71314"}
{"level":"INFO","timestamp":"2026-04-27T10:16:06.031Z","message":"GET / → 200 (1ms)","requestId":"66e470f7-6692-4c6e-8f4f-f0f79d75fa12"}
{"level":"INFO","timestamp":"2026-04-27T10:16:08.812Z","message":"GET / → 200 (1ms)","requestId":"f65867f0-eeb0-4529-9437-714d2918a037"}
{"level":"INFO","timestamp":"2026-04-27T10:16:38.813Z","message":"GET / → 200 (1ms)","requestId":"181dfa14-1b0b-4a9d-bf69-aa0880c9324c"}
{"level":"INFO","timestamp":"2026-04-27T10:17:06.036Z","message":"GET / → 200 (1ms)","requestId":"6ae656cf-eb2f-426a-b870-f5c8afe5d8c4"}
{"level":"INFO","timestamp":"2026-04-27T10:17:08.815Z","message":"GET / → 200 (1ms)","requestId":"e0268a9d-4014-471c-ba2c-7636285129e3"}
{"level":"INFO","timestamp":"2026-04-27T10:17:38.812Z","message":"GET / → 200 (1ms)","requestId":"eb5ab039-27a3-4414-8aef-f1d5f5b99061"}
{"level":"INFO","timestamp":"2026-04-27T10:18:06.036Z","message":"GET / → 200 (1ms)","requestId":"9aff024c-8b3d-4a1a-b8ae-eceaf0fccf65"}
{"level":"INFO","timestamp":"2026-04-27T10:18:08.813Z","message":"GET / → 200 (1ms)","requestId":"6c9e107d-bd5b-4973-add3-92d100fb46b1"}
{"level":"INFO","timestamp":"2026-04-27T10:18:38.812Z","message":"GET / → 200 (1ms)","requestId":"68245b50-2e0d-4ca6-8708-a04e5c9336b0"}
{"level":"INFO","timestamp":"2026-04-27T10:19:06.033Z","message":"GET / → 200 (1ms)","requestId":"67baee68-9520-4a54-9325-7a095814f7f8"}
{"level":"INFO","timestamp":"2026-04-27T10:19:08.812Z","message":"GET / → 200 (1ms)","requestId":"1fe67844-fa9e-4589-abc8-a6fccdb57d2f"}
{"level":"INFO","timestamp":"2026-04-27T10:19:38.820Z","message":"GET / → 200 (1ms)","requestId":"4007323b-507a-480f-9b3d-a7d5ff587c12"}
{"level":"INFO","timestamp":"2026-04-27T10:20:06.034Z","message":"GET / → 200 (1ms)","requestId":"34d2458f-4044-45d6-85bb-9356278a8838"}
{"level":"INFO","timestamp":"2026-04-27T10:20:08.813Z","message":"GET / → 200 (1ms)","requestId":"5208ffed-5b71-40f0-8078-b0fa2e347b3d"}
{"level":"INFO","timestamp":"2026-04-27T10:20:38.813Z","message":"GET / → 200 (1ms)","requestId":"6ad2f90b-60da-4f20-806b-fa22432a8a75"}
{"level":"INFO","timestamp":"2026-04-27T10:21:06.034Z","message":"GET / → 200 (1ms)","requestId":"d09c76bc-3e19-47ed-8bb0-2c466c08ee73"}
{"level":"INFO","timestamp":"2026-04-27T10:21:08.814Z","message":"GET / → 200 (1ms)","requestId":"615cdeee-4c2c-444a-a671-4e4a53aa8dcf"}
{"level":"INFO","timestamp":"2026-04-27T10:47:06.041Z","message":"GET / → 200 (8ms)","requestId":"d2fd0bb3-d378-4643-879f-0ac64f879b28"}
{"level":"INFO","timestamp":"2026-04-27T10:47:06.109Z","message":"GET /app.js → 200 (1ms)","requestId":"33718e59-f2d9-4067-8067-299f57599179"}
{"level":"INFO","timestamp":"2026-04-27T10:47:06.238Z","message":"GET / → 200 (5ms)","requestId":"5f6d5bda-012c-4217-b3bf-32bb7c3ebfa6"}
{"level":"INFO","timestamp":"2026-04-27T10:47:06.242Z","message":"GET /foods → 200 (2ms)","requestId":"908e5eb6-2430-44e4-9f62-3c72338fc5d3"}
{"level":"INFO","timestamp":"2026-04-27T10:47:06.244Z","message":"GET /favicon.ico → 200 (4ms)","requestId":"ac61f516-1682-40e5-8f7c-f29f52dd1207"}
{"level":"INFO","timestamp":"2026-04-27T10:47:19.841Z","message":"generatePersonalizedPlan","dietPreference":"balanced","healthCondition":"none","days":3}
{"level":"INFO","timestamp":"2026-04-27T10:47:19.844Z","message":"POST /plan → 200 (4ms)","requestId":"6f8b5df1-e238-4097-ae00-b1c7bd73bbec"}
{"level":"INFO","timestamp":"2026-04-27T10:47:37.032Z","message":"GET / → 200 (2ms)","requestId":"7d1cf1bd-c3b4-4c2b-b8b5-4bcb627adfe3"}
{"level":"INFO","timestamp":"2026-04-27T10:47:37.035Z","message":"GET /foods → 200 (2ms)","requestId":"7ac427d2-1582-467c-b853-46e476f0b3e8"}
{"level":"INFO","timestamp":"2026-04-27T10:48:07.036Z","message":"GET / → 200 (2ms)","requestId":"d78a64fe-76cc-46b2-9d07-35218f02ffa1"}
{"level":"INFO","timestamp":"2026-04-27T10:48:07.041Z","message":"GET /foods → 200 (1ms)","requestId":"d9c54129-176e-4ecd-a32c-2b10626bc17f"}
{"level":"INFO","timestamp":"2026-04-27T10:48:37.038Z","message":"GET / → 200 (2ms)","requestId":"5726a961-0530-4f5a-87c9-eeb515d6ec86"}
{"level":"INFO","timestamp":"2026-04-27T10:48:37.042Z","message":"GET /foods → 200 (1ms)","requestId":"53242bd3-4185-44ca-a0f3-f43b67ff64f1"}
{"level":"INFO","timestamp":"2026-04-27T10:49:07.039Z","message":"GET / → 200 (2ms)","requestId":"22e3ac4f-1d19-4cd6-917c-188f1003a93c"}
{"level":"INFO","timestamp":"2026-04-27T10:49:07.043Z","message":"GET /foods → 200 (1ms)","requestId":"076a1a30-cb6f-4ff2-b3b2-9bbb307d67dd"}
{"level":"INFO","timestamp":"2026-04-27T10:49:37.036Z","message":"GET / → 200 (1ms)","requestId":"d6dc268a-b270-4f04-8017-f854a0cf8d94"}
{"level":"INFO","timestamp":"2026-04-27T10:49:37.042Z","message":"GET /foods → 200 (1ms)","requestId":"39a3f951-228f-4dfc-b53c-430bd51d3106"}
{"level":"INFO","timestamp":"2026-04-27T10:50:07.047Z","message":"GET / → 200 (2ms)","requestId":"66912791-6eaf-4917-8556-729e89f65cad"}
{"level":"INFO","timestamp":"2026-04-27T10:50:07.059Z","message":"GET /foods → 200 (3ms)","requestId":"80d1ac3f-9c63-4d0d-92ec-8134bf3e9262"}
{"level":"INFO","timestamp":"2026-04-27T10:50:37.037Z","message":"GET / → 200 (2ms)","requestId":"25081a40-ef8c-404a-841d-46f8addf6a07"}
{"level":"INFO","timestamp":"2026-04-27T10:50:37.042Z","message":"GET /foods → 200 (1ms)","requestId":"b224827a-0cd5-4de6-a1a0-bdcf15c781ac"}
{"level":"INFO","timestamp":"2026-04-27T10:51:07.037Z","message":"GET / → 200 (1ms)","requestId":"6a09b29a-d3cc-4e3d-ace7-fc4d09f5835f"}
{"level":"INFO","timestamp":"2026-04-27T10:51:07.040Z","message":"GET /foods → 200 (1ms)","requestId":"b1d58a48-1769-44c2-83fb-b2dbef8ad423"}
{"level":"INFO","timestamp":"2026-04-27T10:52:06.040Z","message":"GET / → 200 (1ms)","requestId":"569487ac-ce99-4d55-87c9-d606ad29206b"}
{"level":"INFO","timestamp":"2026-04-27T10:52:06.046Z","message":"GET /foods → 200 (1ms)","requestId":"73579ffd-0d4e-43f5-a8e8-6bf6d763490a"}
{"level":"INFO","timestamp":"2026-04-27T10:53:06.045Z","message":"GET / → 200 (1ms)","requestId":"ef0d7323-c435-4e91-9a0e-2cafadfe61f1"}
{"level":"INFO","timestamp":"2026-04-27T10:53:06.050Z","message":"GET /foods → 200 (1ms)","requestId":"b46dfbd5-11aa-4683-beb7-fb4c26bdd3df"}
{"level":"INFO","timestamp":"2026-04-27T10:54:06.051Z","message":"GET / → 200 (1ms)","requestId":"1f3df695-a75b-4be6-8217-83d1f9a01ced"}
{"level":"INFO","timestamp":"2026-04-27T10:54:06.060Z","message":"GET /foods → 200 (2ms)","requestId":"d15e9bd9-40a9-4ec2-b9bd-c10fe61970ee"}
{"level":"INFO","timestamp":"2026-04-27T10:55:06.057Z","message":"GET / → 200 (1ms)","requestId":"071ad021-2445-42b4-a195-88be0a546a23"}
{"level":"INFO","timestamp":"2026-04-27T10:55:06.062Z","message":"GET /foods → 200 (1ms)","requestId":"3a2a831a-ca11-4afd-8376-bfe48c2ac7b5"}
{"level":"INFO","timestamp":"2026-04-27T10:56:06.043Z","message":"GET / → 200 (1ms)","requestId":"9d4bb6bb-88f4-4644-9657-4e44e3939f61"}
{"level":"INFO","timestamp":"2026-04-27T10:56:06.048Z","message":"GET /foods → 200 (1ms)","requestId":"d5eced5a-67c7-4ccf-ab50-7c997d93ee23"}
{"level":"INFO","timestamp":"2026-04-27T10:57:06.043Z","message":"GET / → 200 (3ms)","requestId":"caa71757-835a-4451-a4ac-622f3ef72508"}
{"level":"INFO","timestamp":"2026-04-27T10:57:06.046Z","message":"GET /foods → 200 (1ms)","requestId":"40c7b49d-e410-41bc-bc86-be11d68ebf0d"}
{"level":"INFO","timestamp":"2026-04-27T10:58:06.039Z","message":"GET / → 200 (2ms)","requestId":"9d3c949b-a8ab-4957-9e1d-7166b5aa0ed4"}
{"level":"INFO","timestamp":"2026-04-27T10:58:06.042Z","message":"GET /foods → 200 (1ms)","requestId":"0f1a7138-14be-47e2-9452-0bbf96ef4f2f"}
{"level":"INFO","timestamp":"2026-04-27T10:59:06.053Z","message":"GET / → 200 (4ms)","requestId":"332ad5f3-af70-4bf0-9458-af306cf9b5ac"}
{"level":"INFO","timestamp":"2026-04-27T10:59:06.060Z","message":"GET /foods → 200 (1ms)","requestId":"29afb6f9-0855-4258-8e5f-c3d0d944b2de"}
{"level":"INFO","timestamp":"2026-04-27T11:00:06.056Z","message":"GET / → 200 (3ms)","requestId":"cf3bf967-5401-4197-b415-ca0ec99aba27"}
{"level":"INFO","timestamp":"2026-04-27T11:00:06.061Z","message":"GET /foods → 200 (1ms)","requestId":"b5a1aa84-f98f-4f3a-a695-f3c1c5aa3e79"}
{"level":"INFO","timestamp":"2026-04-27T11:01:06.064Z","message":"GET / → 200 (5ms)","requestId":"c302ab30-257a-4105-a96d-eca9147b6d06"}
{"level":"INFO","timestamp":"2026-04-27T11:01:06.068Z","message":"GET /foods → 200 (1ms)","requestId":"a332c1e6-91da-499f-8786-0aae1ac96e80"}
{"level":"INFO","timestamp":"2026-04-27T11:02:06.051Z","message":"GET / → 200 (2ms)","requestId":"92c3113f-d19f-4441-bf37-8410fa6b5c05"}
{"level":"INFO","timestamp":"2026-04-27T11:02:06.053Z","message":"GET /foods → 200 (0ms)","requestId":"1ec80d22-2352-4971-951d-6c5d15228866"}
{"level":"INFO","timestamp":"2026-04-27T11:03:06.051Z","message":"GET / → 200 (1ms)","requestId":"e8cce26a-c6c2-427d-b940-a30213b6f0b0"}
{"level":"INFO","timestamp":"2026-04-27T11:03:06.056Z","message":"GET /foods → 200 (1ms)","requestId":"44f934ae-47c7-4b33-b301-6b43c5bb73f4"}
